<?xml version="1.0" encoding="UTF-8"?>
<coverage generated="1677091595577" clover="3.2.0">
  <project timestamp="1677091595577" name="All files">
    <metrics statements="109" coveredstatements="94" conditionals="5" coveredconditionals="5" methods="6" coveredmethods="5" elements="120" coveredelements="104" complexity="0" loc="109" ncloc="109" packages="2" files="2" classes="2"/>
    <package name="cubic">
      <metrics statements="103" coveredstatements="88" conditionals="4" coveredconditionals="4" methods="5" coveredmethods="4"/>
      <file name="base.ts" path="/Users/juliaortiz/Documents/Projects/realvg/packages/math/cubic/base.ts">
        <metrics statements="103" coveredstatements="88" conditionals="4" coveredconditionals="4" methods="5" coveredmethods="4"/>
        <line num="1" count="1" type="stmt"/>
        <line num="2" count="1" type="stmt"/>
        <line num="3" count="1" type="stmt"/>
        <line num="4" count="1" type="cond" truecount="1" falsecount="0"/>
        <line num="5" count="100" type="stmt"/>
        <line num="6" count="100" type="stmt"/>
        <line num="7" count="100" type="stmt"/>
        <line num="8" count="100" type="stmt"/>
        <line num="9" count="100" type="stmt"/>
        <line num="10" count="100" type="stmt"/>
        <line num="11" count="100" type="stmt"/>
        <line num="12" count="100" type="stmt"/>
        <line num="13" count="100" type="stmt"/>
        <line num="14" count="100" type="stmt"/>
        <line num="15" count="100" type="stmt"/>
        <line num="16" count="100" type="stmt"/>
        <line num="17" count="100" type="stmt"/>
        <line num="18" count="100" type="stmt"/>
        <line num="19" count="100" type="stmt"/>
        <line num="20" count="100" type="stmt"/>
        <line num="21" count="100" type="stmt"/>
        <line num="22" count="100" type="stmt"/>
        <line num="23" count="100" type="stmt"/>
        <line num="24" count="100" type="stmt"/>
        <line num="25" count="100" type="stmt"/>
        <line num="26" count="100" type="stmt"/>
        <line num="27" count="100" type="stmt"/>
        <line num="28" count="100" type="stmt"/>
        <line num="29" count="100" type="stmt"/>
        <line num="30" count="100" type="stmt"/>
        <line num="31" count="100" type="stmt"/>
        <line num="32" count="100" type="stmt"/>
        <line num="33" count="1" type="stmt"/>
        <line num="34" count="1" type="cond" truecount="1" falsecount="0"/>
        <line num="35" count="100" type="stmt"/>
        <line num="36" count="100" type="stmt"/>
        <line num="37" count="100" type="stmt"/>
        <line num="38" count="100" type="stmt"/>
        <line num="39" count="100" type="stmt"/>
        <line num="40" count="100" type="stmt"/>
        <line num="41" count="100" type="stmt"/>
        <line num="42" count="100" type="stmt"/>
        <line num="43" count="100" type="stmt"/>
        <line num="44" count="100" type="stmt"/>
        <line num="45" count="100" type="stmt"/>
        <line num="46" count="100" type="stmt"/>
        <line num="47" count="100" type="stmt"/>
        <line num="48" count="1" type="stmt"/>
        <line num="49" count="1" type="stmt"/>
        <line num="50" count="0" type="stmt"/>
        <line num="51" count="0" type="stmt"/>
        <line num="52" count="0" type="stmt"/>
        <line num="53" count="0" type="stmt"/>
        <line num="54" count="0" type="stmt"/>
        <line num="55" count="0" type="stmt"/>
        <line num="56" count="0" type="stmt"/>
        <line num="57" count="0" type="stmt"/>
        <line num="58" count="0" type="stmt"/>
        <line num="59" count="0" type="stmt"/>
        <line num="60" count="0" type="stmt"/>
        <line num="61" count="0" type="stmt"/>
        <line num="62" count="0" type="stmt"/>
        <line num="63" count="0" type="stmt"/>
        <line num="64" count="0" type="stmt"/>
        <line num="65" count="1" type="stmt"/>
        <line num="66" count="1" type="cond" truecount="1" falsecount="0"/>
        <line num="67" count="100" type="stmt"/>
        <line num="68" count="100" type="stmt"/>
        <line num="69" count="100" type="stmt"/>
        <line num="70" count="100" type="stmt"/>
        <line num="71" count="100" type="stmt"/>
        <line num="72" count="100" type="stmt"/>
        <line num="73" count="100" type="stmt"/>
        <line num="74" count="1" type="stmt"/>
        <line num="75" count="1" type="cond" truecount="1" falsecount="0"/>
        <line num="76" count="101" type="stmt"/>
        <line num="77" count="101" type="stmt"/>
        <line num="78" count="101" type="stmt"/>
        <line num="79" count="101" type="stmt"/>
        <line num="80" count="101" type="stmt"/>
        <line num="81" count="101" type="stmt"/>
        <line num="82" count="101" type="stmt"/>
        <line num="83" count="101" type="stmt"/>
        <line num="84" count="101" type="stmt"/>
        <line num="85" count="101" type="stmt"/>
        <line num="86" count="101" type="stmt"/>
        <line num="87" count="101" type="stmt"/>
        <line num="88" count="101" type="stmt"/>
        <line num="89" count="101" type="stmt"/>
        <line num="90" count="101" type="stmt"/>
        <line num="91" count="101" type="stmt"/>
        <line num="92" count="101" type="stmt"/>
        <line num="93" count="101" type="stmt"/>
        <line num="94" count="101" type="stmt"/>
        <line num="95" count="101" type="stmt"/>
        <line num="96" count="101" type="stmt"/>
        <line num="97" count="101" type="stmt"/>
        <line num="98" count="101" type="stmt"/>
        <line num="99" count="101" type="stmt"/>
        <line num="100" count="101" type="stmt"/>
        <line num="101" count="101" type="stmt"/>
        <line num="102" count="101" type="stmt"/>
        <line num="103" count="101" type="stmt"/>
      </file>
    </package>
    <package name="utils">
      <metrics statements="6" coveredstatements="6" conditionals="1" coveredconditionals="1" methods="1" coveredmethods="1"/>
      <file name="lerp.ts" path="/Users/juliaortiz/Documents/Projects/realvg/packages/math/utils/lerp.ts">
        <metrics statements="6" coveredstatements="6" conditionals="1" coveredconditionals="1" methods="1" coveredmethods="1"/>
        <line num="1" count="1" type="stmt"/>
        <line num="2" count="1" type="stmt"/>
        <line num="3" count="1" type="stmt"/>
        <line num="4" count="1" type="cond" truecount="1" falsecount="0"/>
        <line num="5" count="1212" type="stmt"/>
        <line num="6" count="1212" type="stmt"/>
      </file>
    </package>
  </project>
</coverage>
