TN:
SF:packages/math/cubic/base.ts
FN:4,getVectors
FN:34,getCoefficients
FN:49,getDerivativeCoefficients
FN:66,evalT
FN:75,evalTPrecise
FNF:5
FNH:4
FNDA:100,getVectors
FNDA:100,getCoefficients
FNDA:0,getDerivativeCoefficients
FNDA:100,evalT
FNDA:101,evalTPrecise
DA:1,1
DA:2,1
DA:3,1
DA:4,1
DA:5,100
DA:6,100
DA:7,100
DA:8,100
DA:9,100
DA:10,100
DA:11,100
DA:12,100
DA:13,100
DA:14,100
DA:15,100
DA:16,100
DA:17,100
DA:18,100
DA:19,100
DA:20,100
DA:21,100
DA:22,100
DA:23,100
DA:24,100
DA:25,100
DA:26,100
DA:27,100
DA:28,100
DA:29,100
DA:30,100
DA:31,100
DA:32,100
DA:33,1
DA:34,1
DA:35,100
DA:36,100
DA:37,100
DA:38,100
DA:39,100
DA:40,100
DA:41,100
DA:42,100
DA:43,100
DA:44,100
DA:45,100
DA:46,100
DA:47,100
DA:48,1
DA:49,1
DA:50,0
DA:51,0
DA:52,0
DA:53,0
DA:54,0
DA:55,0
DA:56,0
DA:57,0
DA:58,0
DA:59,0
DA:60,0
DA:61,0
DA:62,0
DA:63,0
DA:64,0
DA:65,1
DA:66,1
DA:67,100
DA:68,100
DA:69,100
DA:70,100
DA:71,100
DA:72,100
DA:73,100
DA:74,1
DA:75,1
DA:76,101
DA:77,101
DA:78,101
DA:79,101
DA:80,101
DA:81,101
DA:82,101
DA:83,101
DA:84,101
DA:85,101
DA:86,101
DA:87,101
DA:88,101
DA:89,101
DA:90,101
DA:91,101
DA:92,101
DA:93,101
DA:94,101
DA:95,101
DA:96,101
DA:97,101
DA:98,101
DA:99,101
DA:100,101
DA:101,101
DA:102,101
DA:103,101
LF:103
LH:88
BRDA:4,0,0,100
BRDA:34,1,0,100
BRDA:66,2,0,100
BRDA:75,3,0,101
BRF:4
BRH:4
end_of_record
TN:
SF:packages/math/utils/lerp.ts
FN:4,lerp
FNF:1
FNH:1
FNDA:1212,lerp
DA:1,1
DA:2,1
DA:3,1
DA:4,1
DA:5,1212
DA:6,1212
LF:6
LH:6
BRDA:4,0,0,1212
BRF:1
BRH:1
end_of_record
